
> frontend@0.1.0 start
> react-scripts start

(node:14602) [DEP0176] DeprecationWarning: fs.F_OK is deprecated, use fs.constants.F_OK instead
(Use `node --trace-deprecation ...` to show where the warning was created)
(node:14602) [DEP_WEBPACK_DEV_SERVER_ON_AFTER_SETUP_MIDDLEWARE] DeprecationWarning: 'onAfterSetupMiddleware' option is deprecated. Please use the 'setupMiddlewares' option.
(node:14602) [DEP_WEBPACK_DEV_SERVER_ON_BEFORE_SETUP_MIDDLEWARE] DeprecationWarning: 'onBeforeSetupMiddleware' option is deprecated. Please use the 'setupMiddlewares' option.
Starting the development server...

Compiled successfully!

You can now view frontend in the browser.

  Local:            http://localhost:3000
  On Your Network:  http://192.168.0.6:3000

Note that the development build is not optimized.
To create a production build, use npm run build.

webpack compiled successfully
Files successfully emitted, waiting for typecheck results...
Issues checking in progress...
No issues found.
Compiling...
Compiled with warnings.

[eslint] 
src/pages/Home.tsx
  Line 8:8:  'DistilleryPartners' is defined but never used  @typescript-eslint/no-unused-vars

Search for the keywords to learn more about each warning.
To ignore, add // eslint-disable-next-line to the line before.

WARNING in [eslint] 
src/pages/Home.tsx
  Line 8:8:  'DistilleryPartners' is defined but never used  @typescript-eslint/no-unused-vars

webpack compiled with 1 warning
No issues found.
Compiling...
Compiled successfully!
webpack compiled successfully
No issues found.
Compiling...
Compiled with warnings.

[eslint] 
src/components/sections/Hero.tsx
  Line 16:10:  'imageLoaded' is assigned a value but never used                                                                                                                                     @typescript-eslint/no-unused-vars
  Line 19:9:   The 'heroImages' array makes the dependencies of useEffect Hook (at line 36) change on every render. To fix this, wrap the initialization of 'heroImages' in its own useMemo() Hook  react-hooks/exhaustive-deps

Search for the keywords to learn more about each warning.
To ignore, add // eslint-disable-next-line to the line before.

WARNING in [eslint] 
src/components/sections/Hero.tsx
  Line 16:10:  'imageLoaded' is assigned a value but never used                                                                                                                                     @typescript-eslint/no-unused-vars
  Line 19:9:   The 'heroImages' array makes the dependencies of useEffect Hook (at line 36) change on every render. To fix this, wrap the initialization of 'heroImages' in its own useMemo() Hook  react-hooks/exhaustive-deps

webpack compiled with 1 warning
No issues found.
Compiling...
Compiled with warnings.

[eslint] 
src/components/sections/Hero.tsx
  Line 16:10:  'imageLoaded' is assigned a value but never used                                                                                                                                     @typescript-eslint/no-unused-vars
  Line 19:9:   The 'heroImages' array makes the dependencies of useEffect Hook (at line 36) change on every render. To fix this, wrap the initialization of 'heroImages' in its own useMemo() Hook  react-hooks/exhaustive-deps

Search for the keywords to learn more about each warning.
To ignore, add // eslint-disable-next-line to the line before.

WARNING in [eslint] 
src/components/sections/Hero.tsx
  Line 16:10:  'imageLoaded' is assigned a value but never used                                                                                                                                     @typescript-eslint/no-unused-vars
  Line 19:9:   The 'heroImages' array makes the dependencies of useEffect Hook (at line 36) change on every render. To fix this, wrap the initialization of 'heroImages' in its own useMemo() Hook  react-hooks/exhaustive-deps

webpack compiled with 1 warning
No issues found.
Compiling...
Compiled with warnings.

[eslint] 
src/components/sections/Hero.tsx
  Line 16:10:  'imageLoaded' is assigned a value but never used                                                                                                                                     @typescript-eslint/no-unused-vars
  Line 19:9:   The 'heroImages' array makes the dependencies of useEffect Hook (at line 36) change on every render. To fix this, wrap the initialization of 'heroImages' in its own useMemo() Hook  react-hooks/exhaustive-deps

Search for the keywords to learn more about each warning.
To ignore, add // eslint-disable-next-line to the line before.

WARNING in [eslint] 
src/components/sections/Hero.tsx
  Line 16:10:  'imageLoaded' is assigned a value but never used                                                                                                                                     @typescript-eslint/no-unused-vars
  Line 19:9:   The 'heroImages' array makes the dependencies of useEffect Hook (at line 36) change on every render. To fix this, wrap the initialization of 'heroImages' in its own useMemo() Hook  react-hooks/exhaustive-deps

webpack compiled with 1 warning
No issues found.
Compiling...
Compiled with warnings.

[eslint] 
src/components/sections/BlogPreview.tsx
  Line 13:6:  React Hook useEffect has a missing dependency: 'fetchFeaturedPosts'. Either include it or remove the dependency array  react-hooks/exhaustive-deps

src/components/sections/Hero.tsx
  Line 16:10:  'imageLoaded' is assigned a value but never used                                                                                                                                     @typescript-eslint/no-unused-vars
  Line 19:9:   The 'heroImages' array makes the dependencies of useEffect Hook (at line 36) change on every render. To fix this, wrap the initialization of 'heroImages' in its own useMemo() Hook  react-hooks/exhaustive-deps

Search for the keywords to learn more about each warning.
To ignore, add // eslint-disable-next-line to the line before.

WARNING in [eslint] 
src/components/sections/BlogPreview.tsx
  Line 13:6:  React Hook useEffect has a missing dependency: 'fetchFeaturedPosts'. Either include it or remove the dependency array  react-hooks/exhaustive-deps

src/components/sections/Hero.tsx
  Line 16:10:  'imageLoaded' is assigned a value but never used                                                                                                                                     @typescript-eslint/no-unused-vars
  Line 19:9:   The 'heroImages' array makes the dependencies of useEffect Hook (at line 36) change on every render. To fix this, wrap the initialization of 'heroImages' in its own useMemo() Hook  react-hooks/exhaustive-deps

webpack compiled with 1 warning
No issues found.
Compiling...
Compiled with warnings.

[eslint] 
src/components/sections/BlogPreview.tsx
  Line 13:6:  React Hook useEffect has a missing dependency: 'fetchFeaturedPosts'. Either include it or remove the dependency array  react-hooks/exhaustive-deps

src/components/sections/Hero.tsx
  Line 16:10:  'imageLoaded' is assigned a value but never used                                                                                                                                     @typescript-eslint/no-unused-vars
  Line 19:9:   The 'heroImages' array makes the dependencies of useEffect Hook (at line 36) change on every render. To fix this, wrap the initialization of 'heroImages' in its own useMemo() Hook  react-hooks/exhaustive-deps

Search for the keywords to learn more about each warning.
To ignore, add // eslint-disable-next-line to the line before.

WARNING in [eslint] 
src/components/sections/BlogPreview.tsx
  Line 13:6:  React Hook useEffect has a missing dependency: 'fetchFeaturedPosts'. Either include it or remove the dependency array  react-hooks/exhaustive-deps

src/components/sections/Hero.tsx
  Line 16:10:  'imageLoaded' is assigned a value but never used                                                                                                                                     @typescript-eslint/no-unused-vars
  Line 19:9:   The 'heroImages' array makes the dependencies of useEffect Hook (at line 36) change on every render. To fix this, wrap the initialization of 'heroImages' in its own useMemo() Hook  react-hooks/exhaustive-deps

webpack compiled with 1 warning
No issues found.
Compiling...
Compiled with warnings.

[eslint] 
src/components/sections/BlogPreview.tsx
  Line 13:6:  React Hook useEffect has a missing dependency: 'fetchFeaturedPosts'. Either include it or remove the dependency array  react-hooks/exhaustive-deps

src/components/sections/Hero.tsx
  Line 16:10:  'imageLoaded' is assigned a value but never used                                                                                                                                     @typescript-eslint/no-unused-vars
  Line 19:9:   The 'heroImages' array makes the dependencies of useEffect Hook (at line 36) change on every render. To fix this, wrap the initialization of 'heroImages' in its own useMemo() Hook  react-hooks/exhaustive-deps

Search for the keywords to learn more about each warning.
To ignore, add // eslint-disable-next-line to the line before.

WARNING in [eslint] 
src/components/sections/BlogPreview.tsx
  Line 13:6:  React Hook useEffect has a missing dependency: 'fetchFeaturedPosts'. Either include it or remove the dependency array  react-hooks/exhaustive-deps

src/components/sections/Hero.tsx
  Line 16:10:  'imageLoaded' is assigned a value but never used                                                                                                                                     @typescript-eslint/no-unused-vars
  Line 19:9:   The 'heroImages' array makes the dependencies of useEffect Hook (at line 36) change on every render. To fix this, wrap the initialization of 'heroImages' in its own useMemo() Hook  react-hooks/exhaustive-deps

webpack compiled with 1 warning
No issues found.
Compiling...
Compiled with warnings.

[eslint] 
src/components/sections/BlogPreview.tsx
  Line 13:6:  React Hook useEffect has a missing dependency: 'fetchFeaturedPosts'. Either include it or remove the dependency array  react-hooks/exhaustive-deps

src/components/sections/Hero.tsx
  Line 16:10:  'imageLoaded' is assigned a value but never used                                                                                                                                     @typescript-eslint/no-unused-vars
  Line 19:9:   The 'heroImages' array makes the dependencies of useEffect Hook (at line 36) change on every render. To fix this, wrap the initialization of 'heroImages' in its own useMemo() Hook  react-hooks/exhaustive-deps

Search for the keywords to learn more about each warning.
To ignore, add // eslint-disable-next-line to the line before.

WARNING in [eslint] 
src/components/sections/BlogPreview.tsx
  Line 13:6:  React Hook useEffect has a missing dependency: 'fetchFeaturedPosts'. Either include it or remove the dependency array  react-hooks/exhaustive-deps

src/components/sections/Hero.tsx
  Line 16:10:  'imageLoaded' is assigned a value but never used                                                                                                                                     @typescript-eslint/no-unused-vars
  Line 19:9:   The 'heroImages' array makes the dependencies of useEffect Hook (at line 36) change on every render. To fix this, wrap the initialization of 'heroImages' in its own useMemo() Hook  react-hooks/exhaustive-deps

webpack compiled with 1 warning
No issues found.
Compiling...
Compiled with warnings.

[eslint] 
src/components/sections/BlogPreview.tsx
  Line 13:6:  React Hook useEffect has a missing dependency: 'fetchFeaturedPosts'. Either include it or remove the dependency array  react-hooks/exhaustive-deps

src/components/sections/Hero.tsx
  Line 16:10:  'imageLoaded' is assigned a value but never used                                                                                                                                     @typescript-eslint/no-unused-vars
  Line 19:9:   The 'heroImages' array makes the dependencies of useEffect Hook (at line 36) change on every render. To fix this, wrap the initialization of 'heroImages' in its own useMemo() Hook  react-hooks/exhaustive-deps

Search for the keywords to learn more about each warning.
To ignore, add // eslint-disable-next-line to the line before.

WARNING in [eslint] 
src/components/sections/BlogPreview.tsx
  Line 13:6:  React Hook useEffect has a missing dependency: 'fetchFeaturedPosts'. Either include it or remove the dependency array  react-hooks/exhaustive-deps

src/components/sections/Hero.tsx
  Line 16:10:  'imageLoaded' is assigned a value but never used                                                                                                                                     @typescript-eslint/no-unused-vars
  Line 19:9:   The 'heroImages' array makes the dependencies of useEffect Hook (at line 36) change on every render. To fix this, wrap the initialization of 'heroImages' in its own useMemo() Hook  react-hooks/exhaustive-deps

webpack compiled with 1 warning
No issues found.
Compiling...
Compiled with warnings.

[eslint] 
src/components/sections/BlogPreview.tsx
  Line 13:6:  React Hook useEffect has a missing dependency: 'fetchFeaturedPosts'. Either include it or remove the dependency array  react-hooks/exhaustive-deps

src/components/sections/Hero.tsx
  Line 16:10:  'imageLoaded' is assigned a value but never used                                                                                                                                     @typescript-eslint/no-unused-vars
  Line 19:9:   The 'heroImages' array makes the dependencies of useEffect Hook (at line 36) change on every render. To fix this, wrap the initialization of 'heroImages' in its own useMemo() Hook  react-hooks/exhaustive-deps

Search for the keywords to learn more about each warning.
To ignore, add // eslint-disable-next-line to the line before.

WARNING in [eslint] 
src/components/sections/BlogPreview.tsx
  Line 13:6:  React Hook useEffect has a missing dependency: 'fetchFeaturedPosts'. Either include it or remove the dependency array  react-hooks/exhaustive-deps

src/components/sections/Hero.tsx
  Line 16:10:  'imageLoaded' is assigned a value but never used                                                                                                                                     @typescript-eslint/no-unused-vars
  Line 19:9:   The 'heroImages' array makes the dependencies of useEffect Hook (at line 36) change on every render. To fix this, wrap the initialization of 'heroImages' in its own useMemo() Hook  react-hooks/exhaustive-deps

webpack compiled with 1 warning
No issues found.
Compiling...
Compiled with warnings.

[eslint] 
src/components/sections/BlogPreview.tsx
  Line 13:6:  React Hook useEffect has a missing dependency: 'fetchFeaturedPosts'. Either include it or remove the dependency array  react-hooks/exhaustive-deps

src/components/sections/Hero.tsx
  Line 16:10:  'imageLoaded' is assigned a value but never used                                                                                                                                     @typescript-eslint/no-unused-vars
  Line 19:9:   The 'heroImages' array makes the dependencies of useEffect Hook (at line 36) change on every render. To fix this, wrap the initialization of 'heroImages' in its own useMemo() Hook  react-hooks/exhaustive-deps

Search for the keywords to learn more about each warning.
To ignore, add // eslint-disable-next-line to the line before.

WARNING in [eslint] 
src/components/sections/BlogPreview.tsx
  Line 13:6:  React Hook useEffect has a missing dependency: 'fetchFeaturedPosts'. Either include it or remove the dependency array  react-hooks/exhaustive-deps

src/components/sections/Hero.tsx
  Line 16:10:  'imageLoaded' is assigned a value but never used                                                                                                                                     @typescript-eslint/no-unused-vars
  Line 19:9:   The 'heroImages' array makes the dependencies of useEffect Hook (at line 36) change on every render. To fix this, wrap the initialization of 'heroImages' in its own useMemo() Hook  react-hooks/exhaustive-deps

webpack compiled with 1 warning
No issues found.
Compiling...
Compiled with warnings.

[eslint] 
src/components/sections/BlogPreview.tsx
  Line 13:6:  React Hook useEffect has a missing dependency: 'fetchFeaturedPosts'. Either include it or remove the dependency array  react-hooks/exhaustive-deps

src/components/sections/Hero.tsx
  Line 16:10:  'imageLoaded' is assigned a value but never used                                                                                                                                     @typescript-eslint/no-unused-vars
  Line 19:9:   The 'heroImages' array makes the dependencies of useEffect Hook (at line 36) change on every render. To fix this, wrap the initialization of 'heroImages' in its own useMemo() Hook  react-hooks/exhaustive-deps

Search for the keywords to learn more about each warning.
To ignore, add // eslint-disable-next-line to the line before.

WARNING in [eslint] 
src/components/sections/BlogPreview.tsx
  Line 13:6:  React Hook useEffect has a missing dependency: 'fetchFeaturedPosts'. Either include it or remove the dependency array  react-hooks/exhaustive-deps

src/components/sections/Hero.tsx
  Line 16:10:  'imageLoaded' is assigned a value but never used                                                                                                                                     @typescript-eslint/no-unused-vars
  Line 19:9:   The 'heroImages' array makes the dependencies of useEffect Hook (at line 36) change on every render. To fix this, wrap the initialization of 'heroImages' in its own useMemo() Hook  react-hooks/exhaustive-deps

webpack compiled with 1 warning
No issues found.
Compiling...
Compiled with warnings.

[eslint] 
src/components/sections/BlogPreview.tsx
  Line 13:6:  React Hook useEffect has a missing dependency: 'fetchFeaturedPosts'. Either include it or remove the dependency array  react-hooks/exhaustive-deps

src/components/sections/Hero.tsx
  Line 16:10:  'imageLoaded' is assigned a value but never used                                                                                                                                     @typescript-eslint/no-unused-vars
  Line 19:9:   The 'heroImages' array makes the dependencies of useEffect Hook (at line 36) change on every render. To fix this, wrap the initialization of 'heroImages' in its own useMemo() Hook  react-hooks/exhaustive-deps

Search for the keywords to learn more about each warning.
To ignore, add // eslint-disable-next-line to the line before.

WARNING in [eslint] 
src/components/sections/BlogPreview.tsx
  Line 13:6:  React Hook useEffect has a missing dependency: 'fetchFeaturedPosts'. Either include it or remove the dependency array  react-hooks/exhaustive-deps

src/components/sections/Hero.tsx
  Line 16:10:  'imageLoaded' is assigned a value but never used                                                                                                                                     @typescript-eslint/no-unused-vars
  Line 19:9:   The 'heroImages' array makes the dependencies of useEffect Hook (at line 36) change on every render. To fix this, wrap the initialization of 'heroImages' in its own useMemo() Hook  react-hooks/exhaustive-deps

webpack compiled with 1 warning
No issues found.
Compiling...
Compiled with warnings.

[eslint] 
src/components/sections/BlogPreview.tsx
  Line 13:6:  React Hook useEffect has a missing dependency: 'fetchFeaturedPosts'. Either include it or remove the dependency array  react-hooks/exhaustive-deps

src/components/sections/Hero.tsx
  Line 16:10:  'imageLoaded' is assigned a value but never used                                                                                                                                     @typescript-eslint/no-unused-vars
  Line 19:9:   The 'heroImages' array makes the dependencies of useEffect Hook (at line 36) change on every render. To fix this, wrap the initialization of 'heroImages' in its own useMemo() Hook  react-hooks/exhaustive-deps

Search for the keywords to learn more about each warning.
To ignore, add // eslint-disable-next-line to the line before.

WARNING in [eslint] 
src/components/sections/BlogPreview.tsx
  Line 13:6:  React Hook useEffect has a missing dependency: 'fetchFeaturedPosts'. Either include it or remove the dependency array  react-hooks/exhaustive-deps

src/components/sections/Hero.tsx
  Line 16:10:  'imageLoaded' is assigned a value but never used                                                                                                                                     @typescript-eslint/no-unused-vars
  Line 19:9:   The 'heroImages' array makes the dependencies of useEffect Hook (at line 36) change on every render. To fix this, wrap the initialization of 'heroImages' in its own useMemo() Hook  react-hooks/exhaustive-deps

webpack compiled with 1 warning
No issues found.
Compiling...
Compiled with warnings.

[eslint] 
src/components/sections/BlogPreview.tsx
  Line 13:6:  React Hook useEffect has a missing dependency: 'fetchFeaturedPosts'. Either include it or remove the dependency array  react-hooks/exhaustive-deps

src/components/sections/Hero.tsx
  Line 16:10:  'imageLoaded' is assigned a value but never used                                                                                                                                     @typescript-eslint/no-unused-vars
  Line 19:9:   The 'heroImages' array makes the dependencies of useEffect Hook (at line 36) change on every render. To fix this, wrap the initialization of 'heroImages' in its own useMemo() Hook  react-hooks/exhaustive-deps

Search for the keywords to learn more about each warning.
To ignore, add // eslint-disable-next-line to the line before.

WARNING in [eslint] 
src/components/sections/BlogPreview.tsx
  Line 13:6:  React Hook useEffect has a missing dependency: 'fetchFeaturedPosts'. Either include it or remove the dependency array  react-hooks/exhaustive-deps

src/components/sections/Hero.tsx
  Line 16:10:  'imageLoaded' is assigned a value but never used                                                                                                                                     @typescript-eslint/no-unused-vars
  Line 19:9:   The 'heroImages' array makes the dependencies of useEffect Hook (at line 36) change on every render. To fix this, wrap the initialization of 'heroImages' in its own useMemo() Hook  react-hooks/exhaustive-deps

webpack compiled with 1 warning
No issues found.
Compiling...
Compiled with warnings.

[eslint] 
src/components/sections/BlogPreview.tsx
  Line 13:6:  React Hook useEffect has a missing dependency: 'fetchFeaturedPosts'. Either include it or remove the dependency array  react-hooks/exhaustive-deps

src/components/sections/Hero.tsx
  Line 16:10:  'imageLoaded' is assigned a value but never used                                                                                                                                     @typescript-eslint/no-unused-vars
  Line 19:9:   The 'heroImages' array makes the dependencies of useEffect Hook (at line 36) change on every render. To fix this, wrap the initialization of 'heroImages' in its own useMemo() Hook  react-hooks/exhaustive-deps

Search for the keywords to learn more about each warning.
To ignore, add // eslint-disable-next-line to the line before.

WARNING in [eslint] 
src/components/sections/BlogPreview.tsx
  Line 13:6:  React Hook useEffect has a missing dependency: 'fetchFeaturedPosts'. Either include it or remove the dependency array  react-hooks/exhaustive-deps

src/components/sections/Hero.tsx
  Line 16:10:  'imageLoaded' is assigned a value but never used                                                                                                                                     @typescript-eslint/no-unused-vars
  Line 19:9:   The 'heroImages' array makes the dependencies of useEffect Hook (at line 36) change on every render. To fix this, wrap the initialization of 'heroImages' in its own useMemo() Hook  react-hooks/exhaustive-deps

webpack compiled with 1 warning
No issues found.
Compiling...
Compiled with warnings.

[eslint] 
src/components/sections/BlogPreview.tsx
  Line 13:6:  React Hook useEffect has a missing dependency: 'fetchFeaturedPosts'. Either include it or remove the dependency array  react-hooks/exhaustive-deps

src/components/sections/Hero.tsx
  Line 16:10:  'imageLoaded' is assigned a value but never used                                                                                                                                     @typescript-eslint/no-unused-vars
  Line 19:9:   The 'heroImages' array makes the dependencies of useEffect Hook (at line 36) change on every render. To fix this, wrap the initialization of 'heroImages' in its own useMemo() Hook  react-hooks/exhaustive-deps

Search for the keywords to learn more about each warning.
To ignore, add // eslint-disable-next-line to the line before.

WARNING in [eslint] 
src/components/sections/BlogPreview.tsx
  Line 13:6:  React Hook useEffect has a missing dependency: 'fetchFeaturedPosts'. Either include it or remove the dependency array  react-hooks/exhaustive-deps

src/components/sections/Hero.tsx
  Line 16:10:  'imageLoaded' is assigned a value but never used                                                                                                                                     @typescript-eslint/no-unused-vars
  Line 19:9:   The 'heroImages' array makes the dependencies of useEffect Hook (at line 36) change on every render. To fix this, wrap the initialization of 'heroImages' in its own useMemo() Hook  react-hooks/exhaustive-deps

webpack compiled with 1 warning
No issues found.
Compiling...
Compiled with warnings.

[eslint] 
src/components/sections/BlogPreview.tsx
  Line 13:6:  React Hook useEffect has a missing dependency: 'fetchFeaturedPosts'. Either include it or remove the dependency array  react-hooks/exhaustive-deps

src/components/sections/Hero.tsx
  Line 16:10:  'imageLoaded' is assigned a value but never used                                                                                                                                     @typescript-eslint/no-unused-vars
  Line 19:9:   The 'heroImages' array makes the dependencies of useEffect Hook (at line 36) change on every render. To fix this, wrap the initialization of 'heroImages' in its own useMemo() Hook  react-hooks/exhaustive-deps

Search for the keywords to learn more about each warning.
To ignore, add // eslint-disable-next-line to the line before.

WARNING in [eslint] 
src/components/sections/BlogPreview.tsx
  Line 13:6:  React Hook useEffect has a missing dependency: 'fetchFeaturedPosts'. Either include it or remove the dependency array  react-hooks/exhaustive-deps

src/components/sections/Hero.tsx
  Line 16:10:  'imageLoaded' is assigned a value but never used                                                                                                                                     @typescript-eslint/no-unused-vars
  Line 19:9:   The 'heroImages' array makes the dependencies of useEffect Hook (at line 36) change on every render. To fix this, wrap the initialization of 'heroImages' in its own useMemo() Hook  react-hooks/exhaustive-deps

webpack compiled with 1 warning
No issues found.
Compiling...
Compiled with warnings.

[eslint] 
src/components/sections/BlogPreview.tsx
  Line 13:6:  React Hook useEffect has a missing dependency: 'fetchFeaturedPosts'. Either include it or remove the dependency array  react-hooks/exhaustive-deps

src/components/sections/Hero.tsx
  Line 16:10:  'imageLoaded' is assigned a value but never used                                                                                                                                     @typescript-eslint/no-unused-vars
  Line 19:9:   The 'heroImages' array makes the dependencies of useEffect Hook (at line 36) change on every render. To fix this, wrap the initialization of 'heroImages' in its own useMemo() Hook  react-hooks/exhaustive-deps

Search for the keywords to learn more about each warning.
To ignore, add // eslint-disable-next-line to the line before.

WARNING in [eslint] 
src/components/sections/BlogPreview.tsx
  Line 13:6:  React Hook useEffect has a missing dependency: 'fetchFeaturedPosts'. Either include it or remove the dependency array  react-hooks/exhaustive-deps

src/components/sections/Hero.tsx
  Line 16:10:  'imageLoaded' is assigned a value but never used                                                                                                                                     @typescript-eslint/no-unused-vars
  Line 19:9:   The 'heroImages' array makes the dependencies of useEffect Hook (at line 36) change on every render. To fix this, wrap the initialization of 'heroImages' in its own useMemo() Hook  react-hooks/exhaustive-deps

webpack compiled with 1 warning
No issues found.
Compiling...
Compiled with warnings.

[eslint] 
src/components/sections/BlogPreview.tsx
  Line 13:6:  React Hook useEffect has a missing dependency: 'fetchFeaturedPosts'. Either include it or remove the dependency array  react-hooks/exhaustive-deps

src/components/sections/Hero.tsx
  Line 16:10:  'imageLoaded' is assigned a value but never used                                                                                                                                     @typescript-eslint/no-unused-vars
  Line 19:9:   The 'heroImages' array makes the dependencies of useEffect Hook (at line 36) change on every render. To fix this, wrap the initialization of 'heroImages' in its own useMemo() Hook  react-hooks/exhaustive-deps

Search for the keywords to learn more about each warning.
To ignore, add // eslint-disable-next-line to the line before.

WARNING in [eslint] 
src/components/sections/BlogPreview.tsx
  Line 13:6:  React Hook useEffect has a missing dependency: 'fetchFeaturedPosts'. Either include it or remove the dependency array  react-hooks/exhaustive-deps

src/components/sections/Hero.tsx
  Line 16:10:  'imageLoaded' is assigned a value but never used                                                                                                                                     @typescript-eslint/no-unused-vars
  Line 19:9:   The 'heroImages' array makes the dependencies of useEffect Hook (at line 36) change on every render. To fix this, wrap the initialization of 'heroImages' in its own useMemo() Hook  react-hooks/exhaustive-deps

webpack compiled with 1 warning
No issues found.
Compiling...
Compiled with warnings.

[eslint] 
src/components/sections/BlogPreview.tsx
  Line 13:6:  React Hook useEffect has a missing dependency: 'fetchFeaturedPosts'. Either include it or remove the dependency array  react-hooks/exhaustive-deps

src/components/sections/Hero.tsx
  Line 16:10:  'imageLoaded' is assigned a value but never used                                                                                                                                     @typescript-eslint/no-unused-vars
  Line 19:9:   The 'heroImages' array makes the dependencies of useEffect Hook (at line 36) change on every render. To fix this, wrap the initialization of 'heroImages' in its own useMemo() Hook  react-hooks/exhaustive-deps

Search for the keywords to learn more about each warning.
To ignore, add // eslint-disable-next-line to the line before.

WARNING in [eslint] 
src/components/sections/BlogPreview.tsx
  Line 13:6:  React Hook useEffect has a missing dependency: 'fetchFeaturedPosts'. Either include it or remove the dependency array  react-hooks/exhaustive-deps

src/components/sections/Hero.tsx
  Line 16:10:  'imageLoaded' is assigned a value but never used                                                                                                                                     @typescript-eslint/no-unused-vars
  Line 19:9:   The 'heroImages' array makes the dependencies of useEffect Hook (at line 36) change on every render. To fix this, wrap the initialization of 'heroImages' in its own useMemo() Hook  react-hooks/exhaustive-deps

webpack compiled with 1 warning
No issues found.
Compiling...
Compiled with warnings.

[eslint] 
src/components/sections/BlogPreview.tsx
  Line 13:6:  React Hook useEffect has a missing dependency: 'fetchFeaturedPosts'. Either include it or remove the dependency array  react-hooks/exhaustive-deps

src/components/sections/Hero.tsx
  Line 16:10:  'imageLoaded' is assigned a value but never used                                                                                                                                     @typescript-eslint/no-unused-vars
  Line 19:9:   The 'heroImages' array makes the dependencies of useEffect Hook (at line 36) change on every render. To fix this, wrap the initialization of 'heroImages' in its own useMemo() Hook  react-hooks/exhaustive-deps

Search for the keywords to learn more about each warning.
To ignore, add // eslint-disable-next-line to the line before.

WARNING in [eslint] 
src/components/sections/BlogPreview.tsx
  Line 13:6:  React Hook useEffect has a missing dependency: 'fetchFeaturedPosts'. Either include it or remove the dependency array  react-hooks/exhaustive-deps

src/components/sections/Hero.tsx
  Line 16:10:  'imageLoaded' is assigned a value but never used                                                                                                                                     @typescript-eslint/no-unused-vars
  Line 19:9:   The 'heroImages' array makes the dependencies of useEffect Hook (at line 36) change on every render. To fix this, wrap the initialization of 'heroImages' in its own useMemo() Hook  react-hooks/exhaustive-deps

webpack compiled with 1 warning
No issues found.
Compiling...
Compiled with warnings.

[eslint] 
src/components/sections/BlogPreview.tsx
  Line 13:6:  React Hook useEffect has a missing dependency: 'fetchFeaturedPosts'. Either include it or remove the dependency array  react-hooks/exhaustive-deps

src/components/sections/Hero.tsx
  Line 16:10:  'imageLoaded' is assigned a value but never used                                                                                                                                     @typescript-eslint/no-unused-vars
  Line 19:9:   The 'heroImages' array makes the dependencies of useEffect Hook (at line 36) change on every render. To fix this, wrap the initialization of 'heroImages' in its own useMemo() Hook  react-hooks/exhaustive-deps

Search for the keywords to learn more about each warning.
To ignore, add // eslint-disable-next-line to the line before.

WARNING in [eslint] 
src/components/sections/BlogPreview.tsx
  Line 13:6:  React Hook useEffect has a missing dependency: 'fetchFeaturedPosts'. Either include it or remove the dependency array  react-hooks/exhaustive-deps

src/components/sections/Hero.tsx
  Line 16:10:  'imageLoaded' is assigned a value but never used                                                                                                                                     @typescript-eslint/no-unused-vars
  Line 19:9:   The 'heroImages' array makes the dependencies of useEffect Hook (at line 36) change on every render. To fix this, wrap the initialization of 'heroImages' in its own useMemo() Hook  react-hooks/exhaustive-deps

webpack compiled with 1 warning
No issues found.
Compiling...
Compiled with warnings.

[eslint] 
src/components/sections/BlogPreview.tsx
  Line 13:6:  React Hook useEffect has a missing dependency: 'fetchFeaturedPosts'. Either include it or remove the dependency array  react-hooks/exhaustive-deps

src/components/sections/Hero.tsx
  Line 16:10:  'imageLoaded' is assigned a value but never used                                                                                                                                     @typescript-eslint/no-unused-vars
  Line 19:9:   The 'heroImages' array makes the dependencies of useEffect Hook (at line 36) change on every render. To fix this, wrap the initialization of 'heroImages' in its own useMemo() Hook  react-hooks/exhaustive-deps

Search for the keywords to learn more about each warning.
To ignore, add // eslint-disable-next-line to the line before.

WARNING in [eslint] 
src/components/sections/BlogPreview.tsx
  Line 13:6:  React Hook useEffect has a missing dependency: 'fetchFeaturedPosts'. Either include it or remove the dependency array  react-hooks/exhaustive-deps

src/components/sections/Hero.tsx
  Line 16:10:  'imageLoaded' is assigned a value but never used                                                                                                                                     @typescript-eslint/no-unused-vars
  Line 19:9:   The 'heroImages' array makes the dependencies of useEffect Hook (at line 36) change on every render. To fix this, wrap the initialization of 'heroImages' in its own useMemo() Hook  react-hooks/exhaustive-deps

webpack compiled with 1 warning
No issues found.
Compiling...
Compiled with warnings.

[eslint] 
src/components/sections/BlogPreview.tsx
  Line 13:6:  React Hook useEffect has a missing dependency: 'fetchFeaturedPosts'. Either include it or remove the dependency array  react-hooks/exhaustive-deps

src/components/sections/Hero.tsx
  Line 16:10:  'imageLoaded' is assigned a value but never used                                                                                                                                     @typescript-eslint/no-unused-vars
  Line 19:9:   The 'heroImages' array makes the dependencies of useEffect Hook (at line 36) change on every render. To fix this, wrap the initialization of 'heroImages' in its own useMemo() Hook  react-hooks/exhaustive-deps

Search for the keywords to learn more about each warning.
To ignore, add // eslint-disable-next-line to the line before.

WARNING in [eslint] 
src/components/sections/BlogPreview.tsx
  Line 13:6:  React Hook useEffect has a missing dependency: 'fetchFeaturedPosts'. Either include it or remove the dependency array  react-hooks/exhaustive-deps

src/components/sections/Hero.tsx
  Line 16:10:  'imageLoaded' is assigned a value but never used                                                                                                                                     @typescript-eslint/no-unused-vars
  Line 19:9:   The 'heroImages' array makes the dependencies of useEffect Hook (at line 36) change on every render. To fix this, wrap the initialization of 'heroImages' in its own useMemo() Hook  react-hooks/exhaustive-deps

webpack compiled with 1 warning
No issues found.
Compiling...
Compiled with warnings.

[eslint] 
src/components/sections/BlogPreview.tsx
  Line 13:6:  React Hook useEffect has a missing dependency: 'fetchFeaturedPosts'. Either include it or remove the dependency array  react-hooks/exhaustive-deps

src/components/sections/Hero.tsx
  Line 16:10:  'imageLoaded' is assigned a value but never used                                                                                                                                     @typescript-eslint/no-unused-vars
  Line 19:9:   The 'heroImages' array makes the dependencies of useEffect Hook (at line 36) change on every render. To fix this, wrap the initialization of 'heroImages' in its own useMemo() Hook  react-hooks/exhaustive-deps

Search for the keywords to learn more about each warning.
To ignore, add // eslint-disable-next-line to the line before.

WARNING in [eslint] 
src/components/sections/BlogPreview.tsx
  Line 13:6:  React Hook useEffect has a missing dependency: 'fetchFeaturedPosts'. Either include it or remove the dependency array  react-hooks/exhaustive-deps

src/components/sections/Hero.tsx
  Line 16:10:  'imageLoaded' is assigned a value but never used                                                                                                                                     @typescript-eslint/no-unused-vars
  Line 19:9:   The 'heroImages' array makes the dependencies of useEffect Hook (at line 36) change on every render. To fix this, wrap the initialization of 'heroImages' in its own useMemo() Hook  react-hooks/exhaustive-deps

webpack compiled with 1 warning
No issues found.
Compiling...
Compiled with warnings.

[eslint] 
src/components/sections/BlogPreview.tsx
  Line 13:6:  React Hook useEffect has a missing dependency: 'fetchFeaturedPosts'. Either include it or remove the dependency array  react-hooks/exhaustive-deps

src/components/sections/Hero.tsx
  Line 16:10:  'imageLoaded' is assigned a value but never used                                                                                                                                     @typescript-eslint/no-unused-vars
  Line 19:9:   The 'heroImages' array makes the dependencies of useEffect Hook (at line 36) change on every render. To fix this, wrap the initialization of 'heroImages' in its own useMemo() Hook  react-hooks/exhaustive-deps

Search for the keywords to learn more about each warning.
To ignore, add // eslint-disable-next-line to the line before.

WARNING in [eslint] 
src/components/sections/BlogPreview.tsx
  Line 13:6:  React Hook useEffect has a missing dependency: 'fetchFeaturedPosts'. Either include it or remove the dependency array  react-hooks/exhaustive-deps

src/components/sections/Hero.tsx
  Line 16:10:  'imageLoaded' is assigned a value but never used                                                                                                                                     @typescript-eslint/no-unused-vars
  Line 19:9:   The 'heroImages' array makes the dependencies of useEffect Hook (at line 36) change on every render. To fix this, wrap the initialization of 'heroImages' in its own useMemo() Hook  react-hooks/exhaustive-deps

webpack compiled with 1 warning
No issues found.
Compiling...
Compiled with warnings.

[eslint] 
src/components/sections/BlogPreview.tsx
  Line 13:6:  React Hook useEffect has a missing dependency: 'fetchFeaturedPosts'. Either include it or remove the dependency array  react-hooks/exhaustive-deps

src/components/sections/Hero.tsx
  Line 16:10:  'imageLoaded' is assigned a value but never used                                                                                                                                     @typescript-eslint/no-unused-vars
  Line 19:9:   The 'heroImages' array makes the dependencies of useEffect Hook (at line 36) change on every render. To fix this, wrap the initialization of 'heroImages' in its own useMemo() Hook  react-hooks/exhaustive-deps

Search for the keywords to learn more about each warning.
To ignore, add // eslint-disable-next-line to the line before.

WARNING in [eslint] 
src/components/sections/BlogPreview.tsx
  Line 13:6:  React Hook useEffect has a missing dependency: 'fetchFeaturedPosts'. Either include it or remove the dependency array  react-hooks/exhaustive-deps

src/components/sections/Hero.tsx
  Line 16:10:  'imageLoaded' is assigned a value but never used                                                                                                                                     @typescript-eslint/no-unused-vars
  Line 19:9:   The 'heroImages' array makes the dependencies of useEffect Hook (at line 36) change on every render. To fix this, wrap the initialization of 'heroImages' in its own useMemo() Hook  react-hooks/exhaustive-deps

webpack compiled with 1 warning
No issues found.
