[32m[32minfo[32m[39m: [32mServer running on port 5001 in development mode[39m {"timestamp":"2025-07-17 03:59:22:5922"}
[31m[31merror[31m[39m: [31mEmail service error: Invalid login: 535-5.7.8 Username and Password not accepted. For more information, go to[39m
[31m535 5.7.8  https://support.google.com/mail/?p=BadCredentials 41be03b00d2f7-b3bbe719d07sm14391821a12.63 - gsmtp[39m {"code":"EAUTH","command":"AUTH PLAIN","response":"535-5.7.8 Username and Password not accepted. For more information, go to\n535 5.7.8  https://support.google.com/mail/?p=BadCredentials 41be03b00d2f7-b3bbe719d07sm14391821a12.63 - gsmtp","responseCode":535,"stack":"Error: Invalid login: 535-5.7.8 Username and Password not accepted. For more information, go to\n535 5.7.8  https://support.google.com/mail/?p=BadCredentials 41be03b00d2f7-b3bbe719d07sm14391821a12.63 - gsmtp\n    at SMTPConnection._formatError (/Users/adityapachauri/Desktop/Whisky/backend/node_modules/nodemailer/lib/smtp-connection/index.js:809:19)\n    at SMTPConnection._actionAUTHComplete (/Users/adityapachauri/Desktop/Whisky/backend/node_modules/nodemailer/lib/smtp-connection/index.js:1588:34)\n    at SMTPConnection.<anonymous> (/Users/adityapachauri/Desktop/Whisky/backend/node_modules/nodemailer/lib/smtp-connection/index.js:556:26)\n    at SMTPConnection._processResponse (/Users/adityapachauri/Desktop/Whisky/backend/node_modules/nodemailer/lib/smtp-connection/index.js:993:20)\n    at SMTPConnection._onData (/Users/adityapachauri/Desktop/Whisky/backend/node_modules/nodemailer/lib/smtp-connection/index.js:774:14)\n    at SMTPConnection._onSocketData (/Users/adityapachauri/Desktop/Whisky/backend/node_modules/nodemailer/lib/smtp-connection/index.js:195:44)\n    at TLSSocket.emit (node:events:507:28)\n    at addChunk (node:internal/streams/readable:559:12)\n    at readableAddChunkPushByteMode (node:internal/streams/readable:510:3)\n    at Readable.push (node:internal/streams/readable:390:5)\n    at TLSWrap.onStreamRead (node:internal/stream_base_commons:189:23)","timestamp":"2025-07-17 03:59:23:5923"}
[33m[33mwarn[33m[39m: [33mMongoDB disconnected[39m {"timestamp":"2025-07-17 03:59:27:5927"}
[31m[31merror[31m[39m: [31mMongoDB connection error: connect ECONNREFUSED ::1:27017, connect ECONNREFUSED 127.0.0.1:27017[39m {"reason":{"commonWireVersion":0,"compatible":true,"heartbeatFrequencyMS":10000,"localThresholdMS":15,"logicalSessionTimeoutMinutes":null,"maxElectionId":null,"maxSetVersion":null,"servers":{},"setName":null,"stale":false,"type":"Unknown"},"stack":"MongooseServerSelectionError: connect ECONNREFUSED ::1:27017, connect ECONNREFUSED 127.0.0.1:27017\n    at _handleConnectionErrors (/Users/adityapachauri/Desktop/Whisky/backend/node_modules/mongoose/lib/connection.js:816:11)\n    at NativeConnection.openUri (/Users/adityapachauri/Desktop/Whisky/backend/node_modules/mongoose/lib/connection.js:791:11)","timestamp":"2025-07-17 03:59:27:5927"}
Running without MongoDB connection
[31m[31merror[31m[39m: [31mMongoDB error: connect ECONNREFUSED ::1:27017, connect ECONNREFUSED 127.0.0.1:27017[39m {"reason":{"commonWireVersion":0,"compatible":true,"heartbeatFrequencyMS":10000,"localThresholdMS":15,"logicalSessionTimeoutMinutes":null,"maxElectionId":null,"maxSetVersion":null,"servers":{},"setName":null,"stale":false,"type":"Unknown"},"stack":"MongoServerSelectionError: connect ECONNREFUSED ::1:27017, connect ECONNREFUSED 127.0.0.1:27017\n    at Timeout._onTimeout (/Users/adityapachauri/Desktop/Whisky/backend/node_modules/mongodb/lib/sdam/topology.js:278:38)\n    at listOnTimeout (node:internal/timers:608:17)\n    at process.processTimers (node:internal/timers:543:7)","timestamp":"2025-07-17 03:59:27:5927"}
[0mGET /api/health [33m401[0m 1.455 ms - 47[0m
[0mGET /favicon.ico [33m404[0m 0.480 ms - 70[0m
[0mGET /api/contact [33m401[0m 0.299 ms - 43[0m
[0mGET /api/contact [33m401[0m 0.133 ms - 43[0m
[0mGET /api/contact [33m401[0m 0.130 ms - 43[0m
[0mGET /api/contact [33m401[0m 0.336 ms - 43[0m
[32m[32minfo[32m[39m: [32mAdmin login successful: admin@viticult.co.uk[39m {"timestamp":"2025-07-17 04:00:07:07"}
[0mPOST /api/auth/admin/login [32m200[0m 1.268 ms - 280[0m
[31m[31merror[31m[39m: [31mGet contacts error: Operation `contacts.find()` buffering timed out after 10000ms[39m {"stack":"MongooseError: Operation `contacts.find()` buffering timed out after 10000ms\n    at Timeout.<anonymous> (/Users/adityapachauri/Desktop/Whisky/backend/node_modules/mongoose/lib/drivers/node-mongodb-native/collection.js:185:23)\n    at listOnTimeout (node:internal/timers:608:17)\n    at process.processTimers (node:internal/timers:543:7)","timestamp":"2025-07-17 04:00:17:017"}
[31m[31merror[31m[39m: [31m{[39m
[31m  error: 'Failed to retrieve contacts',[39m
[31m  stack: 'Error: Failed to retrieve contacts\n' +[39m
[31m    '    at exports.getAllContacts (/Users/adityapachauri/Desktop/Whisky/backend/controllers/contact.controller.js:105:10)\n' +[39m
[31m    '    at process.processTicksAndRejections (node:internal/process/task_queues:105:5)',[39m
[31m  url: '/api/contact',[39m
[31m  method: 'GET',[39m
[31m  ip: '::1'[39m
[31m}[39m {"timestamp":"2025-07-17 04:00:17:017"}
[0mGET /api/contact [31m500[0m 10007.337 ms - 371[0m
[31m[31merror[31m[39m: [31mGet contacts error: Operation `contacts.find()` buffering timed out after 10000ms[39m {"stack":"MongooseError: Operation `contacts.find()` buffering timed out after 10000ms\n    at Timeout.<anonymous> (/Users/adityapachauri/Desktop/Whisky/backend/node_modules/mongoose/lib/drivers/node-mongodb-native/collection.js:185:23)\n    at listOnTimeout (node:internal/timers:608:17)\n    at process.processTimers (node:internal/timers:543:7)","timestamp":"2025-07-17 04:00:27:027"}
[31m[31merror[31m[39m: [31m{[39m
[31m  error: 'Failed to retrieve contacts',[39m
[31m  stack: 'Error: Failed to retrieve contacts\n' +[39m
[31m    '    at exports.getAllContacts (/Users/adityapachauri/Desktop/Whisky/backend/controllers/contact.controller.js:105:10)\n' +[39m
[31m    '    at process.processTicksAndRejections (node:internal/process/task_queues:105:5)',[39m
[31m  url: '/api/contact',[39m
[31m  method: 'GET',[39m
[31m  ip: '::1'[39m
[31m}[39m {"timestamp":"2025-07-17 04:00:27:027"}
[0mGET /api/contact [31m500[0m 10003.798 ms - 371[0m
[31m[31merror[31m[39m: [31mGet contacts error: Operation `contacts.find()` buffering timed out after 10000ms[39m {"stack":"MongooseError: Operation `contacts.find()` buffering timed out after 10000ms\n    at Timeout.<anonymous> (/Users/adityapachauri/Desktop/Whisky/backend/node_modules/mongoose/lib/drivers/node-mongodb-native/collection.js:185:23)\n    at listOnTimeout (node:internal/timers:608:17)\n    at process.processTimers (node:internal/timers:543:7)","timestamp":"2025-07-17 04:00:37:037"}
[31m[31merror[31m[39m: [31m{[39m
[31m  error: 'Failed to retrieve contacts',[39m
[31m  stack: 'Error: Failed to retrieve contacts\n' +[39m
[31m    '    at exports.getAllContacts (/Users/adityapachauri/Desktop/Whisky/backend/controllers/contact.controller.js:105:10)\n' +[39m
[31m    '    at processTicksAndRejections (node:internal/process/task_queues:105:5)\n' +[39m
[31m    '    at runNextTicks (node:internal/process/task_queues:69:3)\n' +[39m
[31m    '    at listOnTimeout (node:internal/timers:569:9)\n' +[39m
[31m    '    at process.processTimers (node:internal/timers:543:7)',[39m
[31m  url: '/api/contact',[39m
[31m  method: 'GET',[39m
[31m  ip: '::1'[39m
[31m}[39m {"timestamp":"2025-07-17 04:00:37:037"}
[0mGET /api/contact [31m500[0m 10004.302 ms - 535[0m
[31m[31merror[31m[39m: [31mGet contacts error: Operation `contacts.find()` buffering timed out after 10000ms[39m {"stack":"MongooseError: Operation `contacts.find()` buffering timed out after 10000ms\n    at Timeout.<anonymous> (/Users/adityapachauri/Desktop/Whisky/backend/node_modules/mongoose/lib/drivers/node-mongodb-native/collection.js:185:23)\n    at listOnTimeout (node:internal/timers:608:17)\n    at process.processTimers (node:internal/timers:543:7)","timestamp":"2025-07-17 04:00:37:037"}
[31m[31merror[31m[39m: [31m{[39m
[31m  error: 'Failed to retrieve contacts',[39m
[31m  stack: 'Error: Failed to retrieve contacts\n' +[39m
[31m    '    at exports.getAllContacts (/Users/adityapachauri/Desktop/Whisky/backend/controllers/contact.controller.js:105:10)\n' +[39m
[31m    '    at process.processTicksAndRejections (node:internal/process/task_queues:105:5)',[39m
[31m  url: '/api/contact',[39m
[31m  method: 'GET',[39m
[31m  ip: '::1'[39m
[31m}[39m {"timestamp":"2025-07-17 04:00:37:037"}
[0mGET /api/contact [31m500[0m 10004.817 ms - 371[0m
[32m[32minfo[32m[39m: [32mAdmin password changed successfully[39m {"timestamp":"2025-07-17 04:00:46:046"}
[0mPOST /api/auth/admin/change-password [32m200[0m 59.165 ms - 58[0m
[31m[31merror[31m[39m: [31mExcel export error: Operation `contacts.find()` buffering timed out after 10000ms[39m {"stack":"MongooseError: Operation `contacts.find()` buffering timed out after 10000ms\n    at Timeout.<anonymous> (/Users/adityapachauri/Desktop/Whisky/backend/node_modules/mongoose/lib/drivers/node-mongodb-native/collection.js:185:23)\n    at listOnTimeout (node:internal/timers:608:17)\n    at process.processTimers (node:internal/timers:543:7)","timestamp":"2025-07-17 04:01:20:120"}
[0mGET /api/auth/admin/export-submissions [31m500[0m 10003.756 ms - 58[0m
